2023-02-01 01:57:03,210:INFO:====== WebDriver manager ======
2023-02-01 01:57:03,249:INFO:Get LATEST chromedriver version for google-chrome 109.0.5414
2023-02-01 01:57:03,703:INFO:Driver [/home/ik-pc/.wdm/drivers/chromedriver/linux64/109.0.5414/chromedriver] found in cache
2023-02-01 01:57:04,322:INFO:Webdriver setup done.
2023-02-01 01:57:08,702:INFO:Scraped 0/331
2023-02-01 01:57:08,702:INFO:Scraping 1/331 datasets..
2023-02-01 01:57:53,334:INFO:Scraping 2/331 datasets..
2023-02-01 01:58:51,395:INFO:Scraping 3/331 datasets..
2023-02-01 02:00:06,658:INFO:Scraping 4/331 datasets..
2023-02-01 02:00:16,659:INFO:Scraping 5/331 datasets..
2023-02-01 02:01:47,254:INFO:Scraping 6/331 datasets..
2023-02-01 02:03:09,341:INFO:Scraping 7/331 datasets..
2023-02-01 02:04:38,441:INFO:Scraping 8/331 datasets..
2023-02-01 02:05:44,887:INFO:Scraping 9/331 datasets..
2023-02-01 02:06:06,812:INFO:Scraping 10/331 datasets..
2023-02-01 02:06:16,572:INFO:Scraping 11/331 datasets..
2023-02-01 02:06:26,358:INFO:Scraping 12/331 datasets..
2023-02-01 02:07:03,338:INFO:Scraping 13/331 datasets..
2023-02-01 02:07:34,184:INFO:Scraping 14/331 datasets..
2023-02-01 02:08:04,324:INFO:Scraping 15/331 datasets..
2023-02-01 02:08:34,359:INFO:Scraping 16/331 datasets..
2023-02-01 02:08:49,865:INFO:Scraping 17/331 datasets..
2023-02-01 02:08:59,754:INFO:Scraping 18/331 datasets..
2023-02-01 02:10:33,654:INFO:Scraping 19/331 datasets..
2023-02-01 02:10:44,378:INFO:Scraping 20/331 datasets..
2023-02-01 02:11:15,343:INFO:Scraping 21/331 datasets..
2023-02-01 02:12:18,793:INFO:Scraping 22/331 datasets..
2023-02-01 02:12:28,550:INFO:Scraping 23/331 datasets..
2023-02-01 02:12:58,552:INFO:Scraping 24/331 datasets..
2023-02-01 02:13:28,457:INFO:Scraping 25/331 datasets..
2023-02-01 02:14:05,316:INFO:Scraping 26/331 datasets..
2023-02-01 02:14:37,364:INFO:Scraping 27/331 datasets..
2023-02-01 02:15:07,885:INFO:Scraping 28/331 datasets..
2023-02-01 02:15:25,169:INFO:Scraping 29/331 datasets..
2023-02-01 02:15:55,582:INFO:Scraping 30/331 datasets..
2023-02-01 02:16:25,912:INFO:Scraping 31/331 datasets..
2023-02-01 02:16:56,427:INFO:Scraping 32/331 datasets..
2023-02-01 02:18:38,552:INFO:Scraping 33/331 datasets..
2023-02-01 02:19:10,195:INFO:Scraping 34/331 datasets..
2023-02-01 02:19:43,657:INFO:Scraping 35/331 datasets..
2023-02-01 02:20:16,354:INFO:Scraping 36/331 datasets..
2023-02-01 02:20:48,125:INFO:Scraping 37/331 datasets..
2023-02-01 02:21:24,012:INFO:Scraping 38/331 datasets..
2023-02-01 02:21:57,126:INFO:Scraping 39/331 datasets..
2023-02-01 02:22:29,845:INFO:Scraping 40/331 datasets..
2023-02-01 02:23:01,748:INFO:Scraping 41/331 datasets..
2023-02-01 02:23:34,357:INFO:Scraping 42/331 datasets..
2023-02-01 02:24:05,675:INFO:Scraping 43/331 datasets..
2023-02-01 02:24:39,497:INFO:Scraping 44/331 datasets..
2023-02-01 02:25:11,448:INFO:Scraping 45/331 datasets..
2023-02-01 02:25:43,768:INFO:Scraping 46/331 datasets..
2023-02-01 02:25:54,023:INFO:Scraping 47/331 datasets..
2023-02-01 02:26:04,783:INFO:Scraping 48/331 datasets..
2023-02-01 02:26:15,026:INFO:Scraping 49/331 datasets..
2023-02-01 02:26:25,145:INFO:Scraping 50/331 datasets..
2023-02-01 02:26:42,454:INFO:Scraping 51/331 datasets..
2023-02-01 02:26:53,320:INFO:Scraping 52/331 datasets..
2023-02-01 02:27:04,483:INFO:Scraping 53/331 datasets..
2023-02-01 02:28:07,559:INFO:Scraping 54/331 datasets..
2023-02-01 02:28:17,552:INFO:Scraping 55/331 datasets..
2023-02-01 02:29:18,523:INFO:Scraping 56/331 datasets..
2023-02-01 02:30:17,197:INFO:Scraping 57/331 datasets..
2023-02-01 02:30:28,055:INFO:Scraping 58/331 datasets..
2023-02-01 02:30:38,805:INFO:Scraping 59/331 datasets..
2023-02-01 02:30:48,814:INFO:Scraping 60/331 datasets..
2023-02-01 02:31:10,971:INFO:Scraping 61/331 datasets..
2023-02-01 02:31:45,468:INFO:Scraping 62/331 datasets..
2023-02-01 02:32:01,850:INFO:Scraping 63/331 datasets..
2023-02-01 02:32:11,886:INFO:Scraping 64/331 datasets..
2023-02-01 02:32:29,092:INFO:Scraping 65/331 datasets..
2023-02-01 02:33:08,993:INFO:Scraping 66/331 datasets..
2023-02-01 02:33:32,478:INFO:Scraping 67/331 datasets..
2023-02-01 02:33:41,797:INFO:Scraping 68/331 datasets..
2023-02-01 02:33:57,973:INFO:Scraping 69/331 datasets..
2023-02-01 02:34:08,840:INFO:Scraping 70/331 datasets..
2023-02-01 02:34:19,530:INFO:Scraping 71/331 datasets..
2023-02-01 02:34:41,101:INFO:Scraping 72/331 datasets..
2023-02-01 02:34:51,223:INFO:Scraping 73/331 datasets..
2023-02-01 02:35:31,958:INFO:Scraping 74/331 datasets..
2023-02-01 02:35:41,942:INFO:Scraping 75/331 datasets..
2023-02-01 02:35:51,352:INFO:Scraping 76/331 datasets..
2023-02-01 02:36:06,721:INFO:Scraping 77/331 datasets..
2023-02-01 02:36:16,741:INFO:Scraping 78/331 datasets..
2023-02-01 02:36:26,760:INFO:Scraping 79/331 datasets..
2023-02-01 02:36:36,386:INFO:Scraping 80/331 datasets..
2023-02-01 02:36:46,113:INFO:Scraping 81/331 datasets..
2023-02-01 02:37:48,258:INFO:Scraping 82/331 datasets..
2023-02-01 02:38:56,366:INFO:Scraping 83/331 datasets..
2023-02-01 02:39:06,606:INFO:Scraping 84/331 datasets..
2023-02-01 02:39:16,238:INFO:Scraping 85/331 datasets..
2023-02-01 02:39:42,952:INFO:Scraping 86/331 datasets..
2023-02-01 02:40:08,765:INFO:Scraping 87/331 datasets..
2023-02-01 02:40:33,822:INFO:Scraping 88/331 datasets..
2023-02-01 02:40:43,699:INFO:Scraping 89/331 datasets..
2023-02-01 02:40:52,914:INFO:Scraping 90/331 datasets..
2023-02-01 02:41:18,673:INFO:Scraping 91/331 datasets..
2023-02-01 02:41:27,709:INFO:Scraping 92/331 datasets..
2023-02-01 02:41:43,689:INFO:Scraping 93/331 datasets..
2023-02-01 02:41:53,844:INFO:Scraping 94/331 datasets..
2023-02-01 02:42:19,529:INFO:Scraping 95/331 datasets..
2023-02-01 02:42:34,802:INFO:Scraping 96/331 datasets..
2023-02-01 02:42:44,721:INFO:Scraping 97/331 datasets..
2023-02-01 02:42:54,770:INFO:Scraping 98/331 datasets..
2023-02-01 02:43:10,660:INFO:Scraping 99/331 datasets..
2023-02-01 02:43:37,045:INFO:Scraping 100/331 datasets..
2023-02-01 02:43:46,468:INFO:Scraping 101/331 datasets..
2023-02-01 02:59:31,344:INFO:Scraping 102/331 datasets..
2023-02-01 03:04:48,937:INFO:Scraping 103/331 datasets..
2023-02-01 03:05:17,820:INFO:Scraping 104/331 datasets..
2023-02-01 03:06:17,087:INFO:Scraping 105/331 datasets..
2023-02-01 03:06:38,570:INFO:Scraping 106/331 datasets..
2023-02-01 03:06:52,277:INFO:Scraping 107/331 datasets..
2023-02-01 03:07:33,654:INFO:Scraping 108/331 datasets..
2023-02-01 03:07:45,086:INFO:Scraping 109/331 datasets..
2023-02-01 03:07:57,094:INFO:Scraping 110/331 datasets..
2023-02-01 03:09:03,678:INFO:Scraping 111/331 datasets..
2023-02-01 03:09:19,625:INFO:Scraping 112/331 datasets..
2023-02-01 03:09:33,090:INFO:Scraping 113/331 datasets..
2023-02-01 03:09:43,963:INFO:Scraping 114/331 datasets..
2023-02-01 03:10:13,156:INFO:Scraping 115/331 datasets..
2023-02-01 03:10:24,289:INFO:Scraping 116/331 datasets..
2023-02-01 03:10:36,792:INFO:Scraping 117/331 datasets..
2023-02-01 03:10:48,905:INFO:Scraping 118/331 datasets..
2023-02-01 03:11:03,825:INFO:Scraping 119/331 datasets..
2023-02-01 03:15:02,478:INFO:Scraping 120/331 datasets..
2023-02-01 03:17:23,075:INFO:Scraping 121/331 datasets..
2023-02-01 03:17:37,497:INFO:Scraping 122/331 datasets..
2023-02-01 03:18:04,426:INFO:Scraping 123/331 datasets..
2023-02-01 03:18:31,012:INFO:Scraping 124/331 datasets..
2023-02-01 03:18:47,025:INFO:Scraping 125/331 datasets..
2023-02-01 03:19:06,066:INFO:Scraping 126/331 datasets..
2023-02-01 03:19:27,494:INFO:Scraping 127/331 datasets..
2023-02-01 03:19:42,037:INFO:Scraping 128/331 datasets..
2023-02-01 03:19:52,497:INFO:Scraping 129/331 datasets..
2023-02-01 03:20:39,487:INFO:Scraping 130/331 datasets..
2023-02-01 03:20:50,435:INFO:Scraping 131/331 datasets..
2023-02-01 03:21:02,630:INFO:Scraping 132/331 datasets..
2023-02-01 03:21:15,483:INFO:Scraping 133/331 datasets..
2023-02-01 03:21:37,303:INFO:Scraping 134/331 datasets..
2023-02-01 03:21:57,699:INFO:Scraping 135/331 datasets..
2023-02-01 03:22:17,499:INFO:Scraping 136/331 datasets..
2023-02-01 03:22:36,443:INFO:Scraping 137/331 datasets..
2023-02-01 03:22:55,461:INFO:Scraping 138/331 datasets..
2023-02-01 03:23:12,402:INFO:Scraping 139/331 datasets..
2023-02-01 03:23:30,716:INFO:Scraping 140/331 datasets..
2023-02-01 03:23:51,002:INFO:Scraping 141/331 datasets..
2023-02-01 03:24:10,696:INFO:Scraping 142/331 datasets..
2023-02-01 03:24:31,713:INFO:Scraping 143/331 datasets..
2023-02-01 03:24:52,567:INFO:Scraping 144/331 datasets..
2023-02-01 03:25:14,568:INFO:Scraping 145/331 datasets..
2023-02-01 03:25:36,030:INFO:Scraping 146/331 datasets..
2023-02-01 03:25:56,417:INFO:Scraping 147/331 datasets..
2023-02-01 03:26:17,333:INFO:Scraping 148/331 datasets..
2023-02-01 03:26:40,087:INFO:Scraping 149/331 datasets..
2023-02-01 03:26:59,270:INFO:Scraping 150/331 datasets..
2023-02-01 03:27:17,109:INFO:Scraping 151/331 datasets..
2023-02-01 03:27:37,555:INFO:Scraping 152/331 datasets..
2023-02-01 03:27:58,129:INFO:Scraping 153/331 datasets..
2023-02-01 03:28:06,210:INFO:Download link not found...
2023-02-01 03:28:10,402:INFO:Download link not found...
2023-02-01 03:28:10,406:INFO:Scraping 154/331 datasets..
2023-02-01 03:28:30,203:INFO:Scraping 155/331 datasets..
2023-02-01 03:28:52,339:INFO:Scraping 156/331 datasets..
2023-02-01 03:29:14,969:INFO:Scraping 157/331 datasets..
2023-02-01 03:29:37,265:INFO:Scraping 158/331 datasets..
2023-02-01 03:29:57,513:INFO:Scraping 159/331 datasets..
2023-02-01 03:30:17,680:INFO:Scraping 160/331 datasets..
2023-02-01 03:30:37,512:INFO:Scraping 161/331 datasets..
2023-02-01 03:30:58,400:INFO:Scraping 162/331 datasets..
2023-02-01 03:31:17,245:INFO:Scraping 163/331 datasets..
2023-02-01 03:31:35,349:INFO:Scraping 164/331 datasets..
2023-02-01 03:31:55,027:INFO:Scraping 165/331 datasets..
2023-02-01 03:32:14,963:INFO:Scraping 166/331 datasets..
2023-02-01 03:32:32,522:INFO:Scraping 167/331 datasets..
2023-02-01 03:32:53,813:INFO:Scraping 168/331 datasets..
2023-02-01 03:33:15,682:INFO:Scraping 169/331 datasets..
2023-02-01 03:33:36,858:INFO:Scraping 170/331 datasets..
2023-02-01 03:34:00,617:INFO:Scraping 171/331 datasets..
2023-02-01 03:34:24,861:INFO:Scraping 172/331 datasets..
2023-02-01 03:34:59,006:INFO:Scraping 173/331 datasets..
2023-02-01 03:35:21,652:INFO:Scraping 174/331 datasets..
2023-02-01 03:35:42,530:INFO:Scraping 175/331 datasets..
2023-02-01 03:36:00,151:INFO:Scraping 176/331 datasets..
2023-02-01 03:36:20,048:INFO:Scraping 177/331 datasets..
2023-02-01 03:36:44,926:INFO:Scraping 178/331 datasets..
2023-02-01 03:37:08,365:INFO:Scraping 179/331 datasets..
2023-02-01 03:37:30,728:INFO:Scraping 180/331 datasets..
2023-02-01 03:37:54,777:INFO:Scraping 181/331 datasets..
2023-02-01 03:38:15,886:INFO:Scraping 182/331 datasets..
2023-02-01 03:38:35,529:INFO:Scraping 183/331 datasets..
2023-02-01 03:38:57,996:INFO:Scraping 184/331 datasets..
2023-02-01 03:39:18,456:INFO:Scraping 185/331 datasets..
2023-02-01 03:39:42,535:INFO:Scraping 186/331 datasets..
2023-02-01 03:40:05,404:INFO:Scraping 187/331 datasets..
2023-02-01 03:40:31,326:INFO:Scraping 188/331 datasets..
2023-02-01 03:40:51,508:INFO:Scraping 189/331 datasets..
2023-02-01 03:41:10,611:INFO:Scraping 190/331 datasets..
2023-02-01 03:41:35,421:INFO:Scraping 191/331 datasets..
2023-02-01 03:42:03,336:INFO:Scraping 192/331 datasets..
2023-02-01 03:42:29,062:INFO:Scraping 193/331 datasets..
2023-02-01 03:42:52,053:INFO:Scraping 194/331 datasets..
2023-02-01 03:43:14,698:INFO:Scraping 195/331 datasets..
2023-02-01 03:43:38,558:INFO:Scraping 196/331 datasets..
2023-02-01 03:44:00,901:INFO:Scraping 197/331 datasets..
2023-02-01 03:44:21,431:INFO:Scraping 198/331 datasets..
2023-02-01 03:44:43,373:INFO:Scraping 199/331 datasets..
2023-02-01 03:45:03,579:INFO:Scraping 200/331 datasets..
2023-02-01 03:45:32,476:INFO:Scraping 201/331 datasets..
2023-02-01 03:45:49,977:INFO:Scraping 202/331 datasets..
2023-02-01 03:46:06,963:INFO:Scraping 203/331 datasets..
2023-02-01 03:46:27,076:INFO:Scraping 204/331 datasets..
2023-02-01 03:46:43,409:INFO:Scraping 205/331 datasets..
2023-02-01 03:47:02,527:INFO:Scraping 206/331 datasets..
2023-02-01 03:47:22,472:INFO:Scraping 207/331 datasets..
2023-02-01 03:47:38,034:INFO:Scraping 208/331 datasets..
2023-02-01 03:47:55,117:INFO:Scraping 209/331 datasets..
2023-02-01 03:48:15,528:INFO:Scraping 210/331 datasets..
2023-02-01 03:48:33,527:INFO:Scraping 211/331 datasets..
2023-02-01 03:48:52,419:INFO:Scraping 212/331 datasets..
2023-02-01 03:49:10,142:INFO:Scraping 213/331 datasets..
2023-02-01 03:49:29,993:INFO:Scraping 214/331 datasets..
2023-02-01 03:49:47,392:INFO:Scraping 215/331 datasets..
2023-02-01 03:50:05,728:INFO:Scraping 216/331 datasets..
2023-02-01 03:50:23,329:INFO:Scraping 217/331 datasets..
2023-02-01 03:50:42,532:INFO:Scraping 218/331 datasets..
2023-02-01 03:51:04,778:INFO:Scraping 219/331 datasets..
2023-02-01 03:51:29,027:INFO:Scraping 220/331 datasets..
2023-02-01 03:51:48,116:INFO:Scraping 221/331 datasets..
2023-02-01 03:52:05,612:INFO:Scraping 222/331 datasets..
2023-02-01 03:52:23,686:INFO:Scraping 223/331 datasets..
2023-02-01 03:52:43,495:INFO:Scraping 224/331 datasets..
2023-02-01 03:53:03,444:INFO:Scraping 225/331 datasets..
2023-02-01 03:53:22,403:INFO:Scraping 226/331 datasets..
2023-02-01 03:53:41,597:INFO:Scraping 227/331 datasets..
2023-02-01 03:54:01,415:INFO:Scraping 228/331 datasets..
2023-02-01 03:54:11,666:INFO:Scraping 229/331 datasets..
2023-02-01 03:54:28,693:INFO:Scraping 230/331 datasets..
2023-02-01 03:54:46,253:INFO:Scraping 231/331 datasets..
2023-02-01 03:55:03,228:INFO:Scraping 232/331 datasets..
2023-02-01 03:55:19,529:INFO:Scraping 233/331 datasets..
2023-02-01 03:55:36,617:INFO:Scraping 234/331 datasets..
2023-02-01 03:55:53,245:INFO:Scraping 235/331 datasets..
2023-02-01 03:56:10,535:INFO:Scraping 236/331 datasets..
2023-02-01 03:56:27,129:INFO:Scraping 237/331 datasets..
2023-02-01 03:56:43,370:INFO:Scraping 238/331 datasets..
2023-02-01 03:56:53,403:INFO:Scraping 239/331 datasets..
2023-02-01 03:57:11,963:INFO:Scraping 240/331 datasets..
2023-02-01 03:57:29,401:INFO:Scraping 241/331 datasets..
2023-02-01 03:57:46,147:INFO:Scraping 242/331 datasets..
2023-02-01 03:58:05,141:INFO:Scraping 243/331 datasets..
2023-02-01 03:58:15,125:INFO:Scraping 244/331 datasets..
2023-02-01 03:58:30,266:INFO:Scraping 245/331 datasets..
2023-02-01 03:58:47,172:INFO:Scraping 246/331 datasets..
2023-02-01 03:59:03,358:INFO:Scraping 247/331 datasets..
2023-02-01 03:59:18,847:INFO:Scraping 248/331 datasets..
2023-02-01 03:59:33,851:INFO:Scraping 249/331 datasets..
2023-02-01 03:59:49,867:INFO:Scraping 250/331 datasets..
2023-02-01 04:00:05,447:INFO:Scraping 251/331 datasets..
2023-02-01 04:00:20,260:INFO:Scraping 252/331 datasets..
2023-02-01 04:00:36,349:INFO:Scraping 253/331 datasets..
2023-02-01 04:00:51,482:INFO:Scraping 254/331 datasets..
2023-02-01 04:01:06,462:INFO:Scraping 255/331 datasets..
2023-02-01 04:01:21,198:INFO:Scraping 256/331 datasets..
2023-02-01 04:01:36,566:INFO:Scraping 257/331 datasets..
2023-02-01 04:01:52,315:INFO:Scraping 258/331 datasets..
2023-02-01 04:02:08,526:INFO:Scraping 259/331 datasets..
2023-02-01 04:02:24,316:INFO:Scraping 260/331 datasets..
2023-02-01 04:02:39,662:INFO:Scraping 261/331 datasets..
2023-02-01 04:02:55,312:INFO:Scraping 262/331 datasets..
2023-02-01 04:03:10,546:INFO:Scraping 263/331 datasets..
2023-02-01 04:03:26,490:INFO:Scraping 264/331 datasets..
2023-02-01 04:03:36,249:INFO:Scraping 265/331 datasets..
2023-02-01 04:03:52,223:INFO:Scraping 266/331 datasets..
2023-02-01 04:04:13,087:INFO:Scraping 267/331 datasets..
2023-02-01 04:04:28,202:INFO:Scraping 268/331 datasets..
2023-02-01 04:04:44,441:INFO:Scraping 269/331 datasets..
2023-02-01 04:04:54,484:INFO:Scraping 270/331 datasets..
2023-02-01 04:05:26,856:INFO:Scraping 271/331 datasets..
2023-02-01 04:05:42,202:INFO:Scraping 272/331 datasets..
2023-02-01 04:05:57,802:INFO:Scraping 273/331 datasets..
2023-02-01 04:06:13,516:INFO:Scraping 274/331 datasets..
2023-02-01 04:06:28,590:INFO:Scraping 275/331 datasets..
2023-02-01 04:06:39,008:INFO:Scraping 276/331 datasets..
2023-02-01 04:06:54,087:INFO:Scraping 277/331 datasets..
2023-02-01 04:07:09,796:INFO:Scraping 278/331 datasets..
2023-02-01 04:07:24,730:INFO:Scraping 279/331 datasets..
2023-02-01 04:07:39,515:INFO:Scraping 280/331 datasets..
2023-02-01 04:07:55,788:INFO:Scraping 281/331 datasets..
2023-02-01 04:08:11,195:INFO:Scraping 282/331 datasets..
2023-02-01 04:08:27,088:INFO:Scraping 283/331 datasets..
2023-02-01 04:08:42,240:INFO:Scraping 284/331 datasets..
2023-02-01 04:08:57,831:INFO:Scraping 285/331 datasets..
2023-02-01 04:09:13,905:INFO:Scraping 286/331 datasets..
2023-02-01 04:09:29,941:INFO:Scraping 287/331 datasets..
2023-02-01 04:09:45,864:INFO:Scraping 288/331 datasets..
2023-02-01 04:10:00,786:INFO:Scraping 289/331 datasets..
2023-02-01 04:10:16,545:INFO:Scraping 290/331 datasets..
2023-02-01 04:10:31,690:INFO:Scraping 291/331 datasets..
2023-02-01 04:10:47,705:INFO:Scraping 292/331 datasets..
2023-02-01 04:11:18,984:INFO:Scraping 293/331 datasets..
2023-02-01 04:11:34,608:INFO:Scraping 294/331 datasets..
2023-02-01 04:11:49,717:INFO:Scraping 295/331 datasets..
2023-02-01 04:11:59,342:INFO:Scraping 296/331 datasets..
2023-02-01 04:12:08,910:INFO:Scraping 297/331 datasets..
2023-02-01 04:12:19,169:INFO:Scraping 298/331 datasets..
2023-02-01 04:12:29,520:INFO:Scraping 299/331 datasets..
2023-02-01 04:12:38,630:INFO:Scraping 300/331 datasets..
2023-02-01 04:13:25,768:INFO:Scraping 301/331 datasets..
2023-02-01 04:13:34,986:INFO:Scraping 302/331 datasets..
2023-02-01 04:13:44,921:INFO:Scraping 303/331 datasets..
2023-02-01 04:13:54,485:INFO:Scraping 304/331 datasets..
2023-02-01 04:14:04,488:INFO:Scraping 305/331 datasets..
2023-02-01 04:14:14,563:INFO:Scraping 306/331 datasets..
2023-02-01 04:14:24,394:INFO:Scraping 307/331 datasets..
2023-02-01 04:14:33,660:INFO:Scraping 308/331 datasets..
2023-02-01 04:17:11,194:INFO:Scraping 309/331 datasets..
2023-02-01 04:17:53,226:INFO:Scraping 310/331 datasets..
2023-02-01 04:18:02,390:INFO:Scraping 311/331 datasets..
2023-02-01 04:18:51,810:INFO:Scraping 312/331 datasets..
2023-02-01 04:19:05,942:INFO:Scraping 313/331 datasets..
2023-02-01 04:19:43,217:INFO:Scraping 314/331 datasets..
2023-02-01 04:20:00,471:INFO:Scraping 315/331 datasets..
2023-02-01 04:20:42,568:INFO:Scraping 316/331 datasets..
2023-02-01 04:21:30,445:INFO:Scraping 317/331 datasets..
2023-02-01 04:22:22,449:INFO:Scraping 318/331 datasets..
2023-02-01 04:23:14,664:INFO:Scraping 319/331 datasets..
2023-02-01 04:23:46,546:INFO:Scraping 320/331 datasets..
2023-02-01 04:24:49,695:INFO:Scraping 321/331 datasets..
2023-02-01 04:24:56,877:INFO:Download link not found...
2023-02-01 04:25:00,362:INFO:Download link not found...
2023-02-01 04:25:03,823:INFO:Download link not found...
2023-02-01 04:25:03,827:INFO:Scraping 322/331 datasets..
2023-02-01 04:25:13,300:INFO:Scraping 323/331 datasets..
2023-02-01 04:25:22,992:INFO:Scraping 324/331 datasets..
2023-02-01 04:26:43,509:INFO:Scraping 325/331 datasets..
2023-02-01 04:26:52,920:INFO:Scraping 326/331 datasets..
2023-02-01 04:27:34,257:INFO:Scraping 327/331 datasets..
2023-02-01 04:28:21,366:INFO:Scraping 328/331 datasets..
2023-02-01 04:28:30,389:INFO:Scraping 329/331 datasets..
2023-02-01 04:28:40,202:INFO:Scraping 330/331 datasets..
2023-02-01 04:29:27,340:INFO:Scraping 331/331 datasets..
